This is XeTeX, Version 3.14159265-2.6-0.999991 (TeX Live 2019/Arch Linux) (preloaded format=xelatex 2019.8.26)  10 SEP 2019 09:20
entering extended mode
 restricted \write18 enabled.
 %&-line parsing enabled.
**presentation.tex
(./presentation.tex
LaTeX2e <2018-12-01>
(/usr/share/texmf-dist/tex/latex/beamer/beamer.cls
Document Class: beamer 2018/12/02 v3.55 A class for typesetting presentations
(/usr/share/texmf-dist/tex/latex/beamer/beamerbasemodes.sty
(/usr/share/texmf-dist/tex/latex/etoolbox/etoolbox.sty
Package: etoolbox 2018/08/19 v2.5f e-TeX tools for LaTeX (JAW)
\etb@tempcnta=\count80
)
\beamer@tempbox=\box27
\beamer@tempcount=\count81
\c@beamerpauses=\count82

(/usr/share/texmf-dist/tex/latex/beamer/beamerbasedecode.sty
\beamer@slideinframe=\count83
\beamer@minimum=\count84
)
\beamer@commentbox=\box28
\beamer@modecount=\count85
)
(/usr/share/texmf-dist/tex/generic/oberdiek/ifpdf.sty
Package: ifpdf 2018/09/07 v3.3 Provides the ifpdf switch
)
\headdp=\dimen102
\footheight=\dimen103
\sidebarheight=\dimen104
\beamer@tempdim=\dimen105
\beamer@finalheight=\dimen106
\beamer@animht=\dimen107
\beamer@animdp=\dimen108
\beamer@animwd=\dimen109
\beamer@leftmargin=\dimen110
\beamer@rightmargin=\dimen111
\beamer@leftsidebar=\dimen112
\beamer@rightsidebar=\dimen113
\beamer@boxsize=\dimen114
\beamer@vboxoffset=\dimen115
\beamer@descdefault=\dimen116
\beamer@descriptionwidth=\dimen117
\beamer@lastskip=\skip41
\beamer@areabox=\box29
\beamer@animcurrent=\box30
\beamer@animshowbox=\box31
\beamer@sectionbox=\box32
\beamer@logobox=\box33
\beamer@linebox=\box34
\beamer@sectioncount=\count86
\beamer@subsubsectionmax=\count87
\beamer@subsectionmax=\count88
\beamer@sectionmax=\count89
\beamer@totalheads=\count90
\beamer@headcounter=\count91
\beamer@partstartpage=\count92
\beamer@sectionstartpage=\count93
\beamer@subsectionstartpage=\count94
\beamer@animationtempa=\count95
\beamer@animationtempb=\count96
\beamer@xpos=\count97
\beamer@ypos=\count98
\beamer@ypos@offset=\count99
\beamer@showpartnumber=\count100
\beamer@currentsubsection=\count101
\beamer@coveringdepth=\count102
\beamer@sectionadjust=\count103
\beamer@tocsectionnumber=\count104

(/usr/share/texmf-dist/tex/latex/beamer/beamerbaseoptions.sty
(/usr/share/texmf-dist/tex/latex/graphics/keyval.sty
Package: keyval 2014/10/28 v1.15 key=value parser (DPC)
\KV@toks@=\toks14
))
\beamer@paperwidth=\skip42
\beamer@paperheight=\skip43

(/usr/share/texmf-dist/tex/latex/geometry/geometry.sty
Package: geometry 2018/04/16 v5.8 Page Geometry

(/usr/share/texmf-dist/tex/generic/oberdiek/ifvtex.sty
Package: ifvtex 2016/05/16 v1.6 Detect VTeX and its facilities (HO)
Package ifvtex Info: VTeX not detected.
)
(/usr/share/texmf-dist/tex/generic/ifxetex/ifxetex.sty
Package: ifxetex 2010/09/12 v0.6 Provides ifxetex conditional
)
\Gm@cnth=\count105
\Gm@cntv=\count106
\c@Gm@tempcnt=\count107
\Gm@bindingoffset=\dimen118
\Gm@wd@mp=\dimen119
\Gm@odd@mp=\dimen120
\Gm@even@mp=\dimen121
\Gm@layoutwidth=\dimen122
\Gm@layoutheight=\dimen123
\Gm@layouthoffset=\dimen124
\Gm@layoutvoffset=\dimen125
\Gm@dimlist=\toks15
)
(/usr/share/texmf-dist/tex/latex/base/size11.clo
File: size11.clo 2018/09/03 v1.4i Standard LaTeX file (size option)
)
(/usr/share/texmf-dist/tex/latex/pgf/basiclayer/pgfcore.sty
(/usr/share/texmf-dist/tex/latex/graphics/graphicx.sty
Package: graphicx 2017/06/01 v1.1a Enhanced LaTeX Graphics (DPC,SPQR)

(/usr/share/texmf-dist/tex/latex/graphics/graphics.sty
Package: graphics 2017/06/25 v1.2c Standard LaTeX Graphics (DPC,SPQR)

(/usr/share/texmf-dist/tex/latex/graphics/trig.sty
Package: trig 2016/01/03 v1.10 sin cos tan (DPC)
)
(/usr/share/texmf-dist/tex/latex/graphics-cfg/graphics.cfg
File: graphics.cfg 2016/06/04 v1.11 sample graphics configuration
)
Package graphics Info: Driver file: xetex.def on input line 99.

(/usr/share/texmf-dist/tex/latex/graphics-def/xetex.def
File: xetex.def 2017/06/24 v5.0h Graphics/color driver for xetex
))
\Gin@req@height=\dimen126
\Gin@req@width=\dimen127
)
(/usr/share/texmf-dist/tex/latex/pgf/systemlayer/pgfsys.sty
(/usr/share/texmf-dist/tex/latex/pgf/utilities/pgfrcs.sty
(/usr/share/texmf-dist/tex/generic/pgf/utilities/pgfutil-common.tex
\pgfutil@everybye=\toks16
\pgfutil@tempdima=\dimen128
\pgfutil@tempdimb=\dimen129

(/usr/share/texmf-dist/tex/generic/pgf/utilities/pgfutil-common-lists.tex))
(/usr/share/texmf-dist/tex/generic/pgf/utilities/pgfutil-latex.def
\pgfutil@abb=\box35

(/usr/share/texmf-dist/tex/latex/ms/everyshi.sty
Package: everyshi 2001/05/15 v3.00 EveryShipout Package (MS)
))
(/usr/share/texmf-dist/tex/generic/pgf/utilities/pgfrcs.code.tex
(/usr/share/texmf-dist/tex/generic/pgf/pgf.revision.tex)
Package: pgfrcs 2019/02/02 v3.1.1 (3.1.1)
))
(/usr/share/texmf-dist/tex/generic/pgf/systemlayer/pgfsys.code.tex
Package: pgfsys 2019/02/02 v3.1.1 (3.1.1)

(/usr/share/texmf-dist/tex/generic/pgf/utilities/pgfkeys.code.tex
\pgfkeys@pathtoks=\toks17
\pgfkeys@temptoks=\toks18

(/usr/share/texmf-dist/tex/generic/pgf/utilities/pgfkeysfiltered.code.tex
\pgfkeys@tmptoks=\toks19
))
\pgf@x=\dimen130
\pgf@y=\dimen131
\pgf@xa=\dimen132
\pgf@ya=\dimen133
\pgf@xb=\dimen134
\pgf@yb=\dimen135
\pgf@xc=\dimen136
\pgf@yc=\dimen137
\w@pgf@writea=\write3
\r@pgf@reada=\read1
\c@pgf@counta=\count108
\c@pgf@countb=\count109
\c@pgf@countc=\count110
\c@pgf@countd=\count111
\t@pgf@toka=\toks20
\t@pgf@tokb=\toks21
\t@pgf@tokc=\toks22
\pgf@sys@id@count=\count112

(/usr/share/texmf-dist/tex/generic/pgf/systemlayer/pgf.cfg
File: pgf.cfg 2019/02/02 v3.1.1 (3.1.1)
)
Driver file for pgf: pgfsys-xetex.def

(/usr/share/texmf-dist/tex/generic/pgf/systemlayer/pgfsys-xetex.def
File: pgfsys-xetex.def 2019/02/02 v3.1.1 (3.1.1)

(/usr/share/texmf-dist/tex/generic/pgf/systemlayer/pgfsys-dvipdfmx.def
File: pgfsys-dvipdfmx.def 2019/02/02 v3.1.1 (3.1.1)

(/usr/share/texmf-dist/tex/generic/pgf/systemlayer/pgfsys-common-pdf.def
File: pgfsys-common-pdf.def 2019/02/02 v3.1.1 (3.1.1)
)
\pgfsys@objnum=\count113
)))
(/usr/share/texmf-dist/tex/generic/pgf/systemlayer/pgfsyssoftpath.code.tex
File: pgfsyssoftpath.code.tex 2019/02/02 v3.1.1 (3.1.1)
\pgfsyssoftpath@smallbuffer@items=\count114
\pgfsyssoftpath@bigbuffer@items=\count115
)
(/usr/share/texmf-dist/tex/generic/pgf/systemlayer/pgfsysprotocol.code.tex
File: pgfsysprotocol.code.tex 2019/02/02 v3.1.1 (3.1.1)
))
(/usr/share/texmf-dist/tex/latex/xcolor/xcolor.sty
Package: xcolor 2016/05/11 v2.12 LaTeX color extensions (UK)

(/usr/share/texmf-dist/tex/latex/graphics-cfg/color.cfg
File: color.cfg 2016/01/02 v1.6 sample color configuration
)
Package xcolor Info: Driver file: xetex.def on input line 225.
Package xcolor Info: Model `cmy' substituted by `cmy0' on input line 1348.
Package xcolor Info: Model `RGB' extended on input line 1364.
Package xcolor Info: Model `HTML' substituted by `rgb' on input line 1366.
Package xcolor Info: Model `Hsb' substituted by `hsb' on input line 1367.
Package xcolor Info: Model `tHsb' substituted by `hsb' on input line 1368.
Package xcolor Info: Model `HSB' substituted by `hsb' on input line 1369.
Package xcolor Info: Model `Gray' substituted by `gray' on input line 1370.
Package xcolor Info: Model `wave' substituted by `hsb' on input line 1371.
)
(/usr/share/texmf-dist/tex/generic/pgf/basiclayer/pgfcore.code.tex
Package: pgfcore 2019/02/02 v3.1.1 (3.1.1)

(/usr/share/texmf-dist/tex/generic/pgf/math/pgfmath.code.tex
(/usr/share/texmf-dist/tex/generic/pgf/math/pgfmathcalc.code.tex
(/usr/share/texmf-dist/tex/generic/pgf/math/pgfmathutil.code.tex)
(/usr/share/texmf-dist/tex/generic/pgf/math/pgfmathparser.code.tex
\pgfmath@dimen=\dimen138
\pgfmath@count=\count116
\pgfmath@box=\box36
\pgfmath@toks=\toks23
\pgfmath@stack@operand=\toks24
\pgfmath@stack@operation=\toks25
)
(/usr/share/texmf-dist/tex/generic/pgf/math/pgfmathfunctions.code.tex
(/usr/share/texmf-dist/tex/generic/pgf/math/pgfmathfunctions.basic.code.tex)
(/usr/share/texmf-dist/tex/generic/pgf/math/pgfmathfunctions.trigonometric.code
.tex)
(/usr/share/texmf-dist/tex/generic/pgf/math/pgfmathfunctions.random.code.tex)
(/usr/share/texmf-dist/tex/generic/pgf/math/pgfmathfunctions.comparison.code.te
x) (/usr/share/texmf-dist/tex/generic/pgf/math/pgfmathfunctions.base.code.tex)
(/usr/share/texmf-dist/tex/generic/pgf/math/pgfmathfunctions.round.code.tex)
(/usr/share/texmf-dist/tex/generic/pgf/math/pgfmathfunctions.misc.code.tex)
(/usr/share/texmf-dist/tex/generic/pgf/math/pgfmathfunctions.integerarithmetics
.code.tex))) (/usr/share/texmf-dist/tex/generic/pgf/math/pgfmathfloat.code.tex
\c@pgfmathroundto@lastzeros=\count117
)) (/usr/share/texmf-dist/tex/generic/pgf/basiclayer/pgfcorepoints.code.tex
File: pgfcorepoints.code.tex 2019/02/02 v3.1.1 (3.1.1)
\pgf@picminx=\dimen139
\pgf@picmaxx=\dimen140
\pgf@picminy=\dimen141
\pgf@picmaxy=\dimen142
\pgf@pathminx=\dimen143
\pgf@pathmaxx=\dimen144
\pgf@pathminy=\dimen145
\pgf@pathmaxy=\dimen146
\pgf@xx=\dimen147
\pgf@xy=\dimen148
\pgf@yx=\dimen149
\pgf@yy=\dimen150
\pgf@zx=\dimen151
\pgf@zy=\dimen152
)
(/usr/share/texmf-dist/tex/generic/pgf/basiclayer/pgfcorepathconstruct.code.tex
File: pgfcorepathconstruct.code.tex 2019/02/02 v3.1.1 (3.1.1)
\pgf@path@lastx=\dimen153
\pgf@path@lasty=\dimen154
) (/usr/share/texmf-dist/tex/generic/pgf/basiclayer/pgfcorepathusage.code.tex
File: pgfcorepathusage.code.tex 2019/02/02 v3.1.1 (3.1.1)
\pgf@shorten@end@additional=\dimen155
\pgf@shorten@start@additional=\dimen156
)
(/usr/share/texmf-dist/tex/generic/pgf/basiclayer/pgfcorescopes.code.tex
File: pgfcorescopes.code.tex 2019/02/02 v3.1.1 (3.1.1)
\pgfpic=\box37
\pgf@hbox=\box38
\pgf@layerbox@main=\box39
\pgf@picture@serial@count=\count118
)
(/usr/share/texmf-dist/tex/generic/pgf/basiclayer/pgfcoregraphicstate.code.tex
File: pgfcoregraphicstate.code.tex 2019/02/02 v3.1.1 (3.1.1)
\pgflinewidth=\dimen157
)
(/usr/share/texmf-dist/tex/generic/pgf/basiclayer/pgfcoretransformations.code.t
ex
File: pgfcoretransformations.code.tex 2019/02/02 v3.1.1 (3.1.1)
\pgf@pt@x=\dimen158
\pgf@pt@y=\dimen159
\pgf@pt@temp=\dimen160
) (/usr/share/texmf-dist/tex/generic/pgf/basiclayer/pgfcorequick.code.tex
File: pgfcorequick.code.tex 2019/02/02 v3.1.1 (3.1.1)
)
(/usr/share/texmf-dist/tex/generic/pgf/basiclayer/pgfcoreobjects.code.tex
File: pgfcoreobjects.code.tex 2019/02/02 v3.1.1 (3.1.1)
)
(/usr/share/texmf-dist/tex/generic/pgf/basiclayer/pgfcorepathprocessing.code.te
x
File: pgfcorepathprocessing.code.tex 2019/02/02 v3.1.1 (3.1.1)
) (/usr/share/texmf-dist/tex/generic/pgf/basiclayer/pgfcorearrows.code.tex
File: pgfcorearrows.code.tex 2019/02/02 v3.1.1 (3.1.1)
\pgfarrowsep=\dimen161
)
(/usr/share/texmf-dist/tex/generic/pgf/basiclayer/pgfcoreshade.code.tex
File: pgfcoreshade.code.tex 2019/02/02 v3.1.1 (3.1.1)
\pgf@max=\dimen162
\pgf@sys@shading@range@num=\count119
)
(/usr/share/texmf-dist/tex/generic/pgf/basiclayer/pgfcoreimage.code.tex
File: pgfcoreimage.code.tex 2019/02/02 v3.1.1 (3.1.1)

(/usr/share/texmf-dist/tex/generic/pgf/basiclayer/pgfcoreexternal.code.tex
File: pgfcoreexternal.code.tex 2019/02/02 v3.1.1 (3.1.1)
\pgfexternal@startupbox=\box40
))
(/usr/share/texmf-dist/tex/generic/pgf/basiclayer/pgfcorelayers.code.tex
File: pgfcorelayers.code.tex 2019/02/02 v3.1.1 (3.1.1)
)
(/usr/share/texmf-dist/tex/generic/pgf/basiclayer/pgfcoretransparency.code.tex
File: pgfcoretransparency.code.tex 2019/02/02 v3.1.1 (3.1.1)
) (/usr/share/texmf-dist/tex/generic/pgf/basiclayer/pgfcorepatterns.code.tex
File: pgfcorepatterns.code.tex 2019/02/02 v3.1.1 (3.1.1)
)
(/usr/share/texmf-dist/tex/generic/pgf/basiclayer/pgfcorerdf.code.tex
File: pgfcorerdf.code.tex 2019/02/02 v3.1.1 (3.1.1)
)))
(/usr/share/texmf-dist/tex/latex/pgf/utilities/xxcolor.sty
Package: xxcolor 2003/10/24 ver 0.1
\XC@nummixins=\count120
\XC@countmixins=\count121
)
(/usr/share/texmf-dist/tex/generic/oberdiek/atbegshi.sty
Package: atbegshi 2016/06/09 v1.18 At begin shipout hook (HO)

(/usr/share/texmf-dist/tex/generic/oberdiek/infwarerr.sty
Package: infwarerr 2016/05/16 v1.4 Providing info/warning/error messages (HO)
)
(/usr/share/texmf-dist/tex/generic/oberdiek/ltxcmds.sty
Package: ltxcmds 2016/05/16 v1.23 LaTeX kernel commands for general use (HO)
))
(/usr/share/texmf-dist/tex/latex/hyperref/hyperref.sty
Package: hyperref 2018/11/30 v6.88e Hypertext links for LaTeX

(/usr/share/texmf-dist/tex/generic/oberdiek/hobsub-hyperref.sty
Package: hobsub-hyperref 2016/05/16 v1.14 Bundle oberdiek, subset hyperref (HO)


(/usr/share/texmf-dist/tex/generic/oberdiek/hobsub-generic.sty
Package: hobsub-generic 2016/05/16 v1.14 Bundle oberdiek, subset generic (HO)
Package: hobsub 2016/05/16 v1.14 Construct package bundles (HO)
Package hobsub Info: Skipping package `infwarerr' (already loaded).
Package hobsub Info: Skipping package `ltxcmds' (already loaded).
Package: ifluatex 2016/05/16 v1.4 Provides the ifluatex switch (HO)
Package ifluatex Info: LuaTeX not detected.
Package hobsub Info: Skipping package `ifvtex' (already loaded).
Package: intcalc 2016/05/16 v1.2 Expandable calculations with integers (HO)
Package hobsub Info: Skipping package `ifpdf' (already loaded).
Package: etexcmds 2016/05/16 v1.6 Avoid name clashes with e-TeX commands (HO)
Package: kvsetkeys 2016/05/16 v1.17 Key value parser (HO)
Package: kvdefinekeys 2016/05/16 v1.4 Define keys (HO)
Package: pdftexcmds 2018/09/10 v0.29 Utility functions of pdfTeX for LuaTeX (HO
)
Package pdftexcmds Info: LuaTeX not detected.
Package pdftexcmds Info: pdfTeX >= 1.30 not detected.
Package pdftexcmds Info: \pdf@primitive is available.
Package pdftexcmds Info: \pdf@ifprimitive is available.
Package pdftexcmds Info: \pdfdraftmode not found.
Package: pdfescape 2016/05/16 v1.14 Implements pdfTeX's escape features (HO)
Package: bigintcalc 2016/05/16 v1.4 Expandable calculations on big integers (HO
)
Package: bitset 2016/05/16 v1.2 Handle bit-vector datatype (HO)
Package: uniquecounter 2016/05/16 v1.3 Provide unlimited unique counter (HO)
)
Package hobsub Info: Skipping package `hobsub' (already loaded).
Package: letltxmacro 2016/05/16 v1.5 Let assignment for LaTeX macros (HO)
Package: hopatch 2016/05/16 v1.3 Wrapper for package hooks (HO)
Package: xcolor-patch 2016/05/16 xcolor patch
Package: atveryend 2016/05/16 v1.9 Hooks at the very end of document (HO)
Package hobsub Info: Skipping package `atbegshi' (already loaded).
Package: refcount 2016/05/16 v3.5 Data extraction from label references (HO)
Package: hycolor 2016/05/16 v1.8 Color options for hyperref/bookmark (HO)
)
(/usr/share/texmf-dist/tex/latex/oberdiek/auxhook.sty
Package: auxhook 2016/05/16 v1.4 Hooks for auxiliary files (HO)
)
(/usr/share/texmf-dist/tex/latex/oberdiek/kvoptions.sty
Package: kvoptions 2016/05/16 v3.12 Key value format for package options (HO)
)
\@linkdim=\dimen163
\Hy@linkcounter=\count122
\Hy@pagecounter=\count123

(/usr/share/texmf-dist/tex/latex/hyperref/pd1enc.def
File: pd1enc.def 2018/11/30 v6.88e Hyperref: PDFDocEncoding definition (HO)
)
\Hy@SavedSpaceFactor=\count124

(/usr/share/texmf-dist/tex/latex/latexconfig/hyperref.cfg
File: hyperref.cfg 2002/06/06 v1.2 hyperref configuration of TeXLive
)
Package hyperref Info: Option `bookmarks' set `true' on input line 4393.
Package hyperref Info: Option `bookmarksopen' set `true' on input line 4393.
Package hyperref Info: Option `implicit' set `false' on input line 4393.
Package hyperref Info: Hyper figures OFF on input line 4519.
Package hyperref Info: Link nesting OFF on input line 4524.
Package hyperref Info: Hyper index ON on input line 4527.
Package hyperref Info: Plain pages OFF on input line 4534.
Package hyperref Info: Backreferencing OFF on input line 4539.
Package hyperref Info: Implicit mode OFF; no redefinition of LaTeX internals.
Package hyperref Info: Bookmarks ON on input line 4772.
\c@Hy@tempcnt=\count125

(/usr/share/texmf-dist/tex/latex/url/url.sty
\Urlmuskip=\muskip10
Package: url 2013/09/16  ver 3.4  Verb mode for urls, etc.
)
LaTeX Info: Redefining \url on input line 5125.
\XeTeXLinkMargin=\dimen164
\Fld@menulength=\count126
\Field@Width=\dimen165
\Fld@charsize=\dimen166
Package hyperref Info: Hyper figures OFF on input line 6380.
Package hyperref Info: Link nesting OFF on input line 6385.
Package hyperref Info: Hyper index ON on input line 6388.
Package hyperref Info: backreferencing OFF on input line 6395.
Package hyperref Info: Link coloring OFF on input line 6400.
Package hyperref Info: Link coloring with OCG OFF on input line 6405.
Package hyperref Info: PDF/A mode OFF on input line 6410.
LaTeX Info: Redefining \ref on input line 6450.
LaTeX Info: Redefining \pageref on input line 6454.
\Hy@abspage=\count127


Package hyperref Message: Stopped early.

)
Package hyperref Info: Driver (autodetected): hxetex.
 (/usr/share/texmf-dist/tex/latex/hyperref/hxetex.def
File: hxetex.def 2018/11/30 v6.88e Hyperref driver for XeTeX

(/usr/share/texmf-dist/tex/latex/hyperref/puenc.def
File: puenc.def 2018/11/30 v6.88e Hyperref: PDF Unicode definition (HO)
)
(/usr/share/texmf-dist/tex/generic/oberdiek/stringenc.sty
Package: stringenc 2016/05/16 v1.11 Convert strings between diff. encodings (HO
)
)
\pdfm@box=\box41
\c@Hy@AnnotLevel=\count128
\HyField@AnnotCount=\count129
\Fld@listcount=\count130
\c@bookmark@seq@number=\count131

(/usr/share/texmf-dist/tex/latex/oberdiek/rerunfilecheck.sty
Package: rerunfilecheck 2016/05/16 v1.8 Rerun checks for auxiliary files (HO)
Package uniquecounter Info: New unique counter `rerunfilecheck' on input line 2
82.
))
(/usr/share/texmf-dist/tex/generic/oberdiek/se-ascii-print.def
File: se-ascii-print.def 2016/05/16 v1.11 stringenc: Printable ASCII characters

)
(/usr/share/texmf-dist/tex/latex/beamer/beamerbaserequires.sty
(/usr/share/texmf-dist/tex/latex/beamer/beamerbasecompatibility.sty)
(/usr/share/texmf-dist/tex/latex/beamer/beamerbasefont.sty
(/usr/share/texmf-dist/tex/latex/amsfonts/amssymb.sty
Package: amssymb 2013/01/14 v3.01 AMS font symbols

(/usr/share/texmf-dist/tex/latex/amsfonts/amsfonts.sty
Package: amsfonts 2013/01/14 v3.01 Basic AMSFonts support
\@emptytoks=\toks26
\symAMSa=\mathgroup4
\symAMSb=\mathgroup5
LaTeX Font Info:    Overwriting math alphabet `\mathfrak' in version `bold'
(Font)                  U/euf/m/n --> U/euf/b/n on input line 106.
))
(/usr/share/texmf-dist/tex/latex/sansmathaccent/sansmathaccent.sty
Package: sansmathaccent 2013/03/28

(/usr/share/texmf-dist/tex/latex/filehook/filehook.sty
Package: filehook 2011/10/12 v0.5d Hooks for input files
)))
(/usr/share/texmf-dist/tex/latex/beamer/beamerbasetranslator.sty
(/usr/share/texmf-dist/tex/latex/translator/translator.sty
Package: translator 2018/01/04 v1.12 Easy translation of strings in LaTeX
))
(/usr/share/texmf-dist/tex/latex/beamer/beamerbasemisc.sty)
(/usr/share/texmf-dist/tex/latex/beamer/beamerbasetwoscreens.sty)
(/usr/share/texmf-dist/tex/latex/beamer/beamerbaseoverlay.sty
\beamer@argscount=\count132
\beamer@lastskipcover=\skip44
\beamer@trivlistdepth=\count133
)
(/usr/share/texmf-dist/tex/latex/beamer/beamerbasetitle.sty)
(/usr/share/texmf-dist/tex/latex/beamer/beamerbasesection.sty
\c@lecture=\count134
\c@part=\count135
\c@section=\count136
\c@subsection=\count137
\c@subsubsection=\count138
)
(/usr/share/texmf-dist/tex/latex/beamer/beamerbaseframe.sty
\beamer@framebox=\box42
\beamer@frametitlebox=\box43
\beamer@zoombox=\box44
\beamer@zoomcount=\count139
\beamer@zoomframecount=\count140
\beamer@frametextheight=\dimen167
\c@subsectionslide=\count141
\beamer@frametopskip=\skip45
\beamer@framebottomskip=\skip46
\beamer@frametopskipautobreak=\skip47
\beamer@framebottomskipautobreak=\skip48
\beamer@envbody=\toks27
\framewidth=\dimen168
\c@framenumber=\count142
)
(/usr/share/texmf-dist/tex/latex/beamer/beamerbaseverbatim.sty
\beamer@verbatimfileout=\write4
)
(/usr/share/texmf-dist/tex/latex/beamer/beamerbaseframesize.sty
\beamer@splitbox=\box45
\beamer@autobreakcount=\count143
\beamer@autobreaklastheight=\dimen169
\beamer@frametitletoks=\toks28
\beamer@framesubtitletoks=\toks29
)
(/usr/share/texmf-dist/tex/latex/beamer/beamerbaseframecomponents.sty
\beamer@footins=\box46
)
(/usr/share/texmf-dist/tex/latex/beamer/beamerbasecolor.sty)
(/usr/share/texmf-dist/tex/latex/beamer/beamerbasenotes.sty
\beamer@frameboxcopy=\box47
)
(/usr/share/texmf-dist/tex/latex/beamer/beamerbasetoc.sty)
(/usr/share/texmf-dist/tex/latex/beamer/beamerbasetemplates.sty
\beamer@sbttoks=\toks30

(/usr/share/texmf-dist/tex/latex/beamer/beamerbaseauxtemplates.sty
(/usr/share/texmf-dist/tex/latex/beamer/beamerbaseboxes.sty
\bmb@box=\box48
\bmb@colorbox=\box49
\bmb@boxshadow=\box50
\bmb@boxshadowball=\box51
\bmb@boxshadowballlarge=\box52
\bmb@temp=\dimen170
\bmb@dima=\dimen171
\bmb@dimb=\dimen172
\bmb@prevheight=\dimen173
)
\beamer@blockheadheight=\dimen174
))
(/usr/share/texmf-dist/tex/latex/beamer/beamerbaselocalstructure.sty
(/usr/share/texmf-dist/tex/latex/tools/enumerate.sty
Package: enumerate 2015/07/23 v3.00 enumerate extensions (DPC)
\@enLab=\toks31
)
\c@figure=\count144
\c@table=\count145
\abovecaptionskip=\skip49
\belowcaptionskip=\skip50
)
(/usr/share/texmf-dist/tex/latex/beamer/beamerbasenavigation.sty
\beamer@section@min@dim=\dimen175
)
(/usr/share/texmf-dist/tex/latex/beamer/beamerbasetheorems.sty
(/usr/share/texmf-dist/tex/latex/amsmath/amsmath.sty
Package: amsmath 2018/12/01 v2.17b AMS math features
\@mathmargin=\skip51

For additional information on amsmath, use the `?' option.
(/usr/share/texmf-dist/tex/latex/amsmath/amstext.sty
Package: amstext 2000/06/29 v2.01 AMS text

(/usr/share/texmf-dist/tex/latex/amsmath/amsgen.sty
File: amsgen.sty 1999/11/30 v2.0 generic functions
\@emptytoks=\toks32
\ex@=\dimen176
))
(/usr/share/texmf-dist/tex/latex/amsmath/amsbsy.sty
Package: amsbsy 1999/11/29 v1.2d Bold Symbols
\pmbraise@=\dimen177
)
(/usr/share/texmf-dist/tex/latex/amsmath/amsopn.sty
Package: amsopn 2016/03/08 v2.02 operator names
)
\inf@bad=\count146
LaTeX Info: Redefining \frac on input line 223.
\uproot@=\count147
\leftroot@=\count148
LaTeX Info: Redefining \overline on input line 385.
\classnum@=\count149
\DOTSCASE@=\count150
LaTeX Info: Redefining \ldots on input line 482.
LaTeX Info: Redefining \dots on input line 485.
LaTeX Info: Redefining \cdots on input line 606.
\Mathstrutbox@=\box53
\strutbox@=\box54
\big@size=\dimen178
LaTeX Font Info:    Redeclaring font encoding OML on input line 729.
LaTeX Font Info:    Redeclaring font encoding OMS on input line 730.
\macc@depth=\count151
\c@MaxMatrixCols=\count152
\dotsspace@=\muskip11
\c@parentequation=\count153
\dspbrk@lvl=\count154
\tag@help=\toks33
\row@=\count155
\column@=\count156
\maxfields@=\count157
\andhelp@=\toks34
\eqnshift@=\dimen179
\alignsep@=\dimen180
\tagshift@=\dimen181
\tagwidth@=\dimen182
\totwidth@=\dimen183
\lineht@=\dimen184
\@envbody=\toks35
\multlinegap=\skip52
\multlinetaggap=\skip53
\mathdisplay@stack=\toks36
LaTeX Info: Redefining \[ on input line 2844.
LaTeX Info: Redefining \] on input line 2845.
)
(/usr/share/texmf-dist/tex/latex/amscls/amsthm.sty
Package: amsthm 2017/10/31 v2.20.4
\thm@style=\toks37
\thm@bodyfont=\toks38
\thm@headfont=\toks39
\thm@notefont=\toks40
\thm@headpunct=\toks41
\thm@preskip=\skip54
\thm@postskip=\skip55
\thm@headsep=\skip56
\dth@everypar=\toks42
)
\c@theorem=\count158
)
(/usr/share/texmf-dist/tex/latex/beamer/beamerbasethemes.sty))
(/usr/share/texmf-dist/tex/latex/beamer/beamerthemedefault.sty
(/usr/share/texmf-dist/tex/latex/beamer/beamerfontthemedefault.sty)
(/usr/share/texmf-dist/tex/latex/beamer/beamercolorthemedefault.sty)
(/usr/share/texmf-dist/tex/latex/beamer/beamerinnerthemedefault.sty
\beamer@dima=\dimen185
\beamer@dimb=\dimen186
)
(/usr/share/texmf-dist/tex/latex/beamer/beamerouterthemedefault.sty)))
(/usr/share/texmf-dist/tex/latex/beamer/beamerthemeDarmstadt.sty
(/usr/share/texmf-dist/tex/latex/beamer/beamerouterthemesmoothbars.sty)
(/usr/share/texmf-dist/tex/latex/beamer/beamerinnerthemerounded.sty)
(/usr/share/texmf-dist/tex/latex/beamer/beamercolorthemeorchid.sty)
(/usr/share/texmf-dist/tex/latex/beamer/beamercolorthemewhale.sty))
(/usr/share/texmf-dist/tex/latex/beamer/beamerfontthemeserif.sty)
(/usr/share/texmf-dist/tex/generic/babel/babel.sty
Package: babel 2019/04/03 3.29 The Babel package

(/usr/share/texmf-dist/tex/generic/babel/switch.def
File: switch.def 2019/04/03 3.29 Babel switching mechanism
)
(/usr/share/texmf-dist/tex/generic/babel-portuges/portuges.ldf
Language: portuges 2008/03/18 v1.2q Portuguese support from the babel system

(/usr/share/texmf-dist/tex/generic/babel/babel.def
File: babel.def 2019/04/03 3.29 Babel common definitions
\babel@savecnt=\count159
\U@D=\dimen187

(/usr/share/texmf-dist/tex/generic/babel/xebabel.def
(/usr/share/texmf-dist/tex/generic/babel/txtbabel.def))
LaTeX Info: Redefining \textlatin on input line 2011.
\bbl@dirlevel=\count160
)
\l@brazil = a dialect from \language\l@portuges 
Package babel Info: Making " an active character on input line 145.
))
(/usr/share/texmf-dist/tex/latex/lm/lmodern.sty
Package: lmodern 2009/10/30 v1.6 Latin Modern Fonts
LaTeX Font Info:    Overwriting symbol font `operators' in version `normal'
(Font)                  OT1/cmr/m/n --> OT1/lmr/m/n on input line 22.
LaTeX Font Info:    Overwriting symbol font `letters' in version `normal'
(Font)                  OML/cmm/m/it --> OML/lmm/m/it on input line 23.
LaTeX Font Info:    Overwriting symbol font `symbols' in version `normal'
(Font)                  OMS/cmsy/m/n --> OMS/lmsy/m/n on input line 24.
LaTeX Font Info:    Overwriting symbol font `largesymbols' in version `normal'
(Font)                  OMX/cmex/m/n --> OMX/lmex/m/n on input line 25.
LaTeX Font Info:    Overwriting symbol font `operators' in version `bold'
(Font)                  OT1/cmr/bx/n --> OT1/lmr/bx/n on input line 26.
LaTeX Font Info:    Overwriting symbol font `letters' in version `bold'
(Font)                  OML/cmm/b/it --> OML/lmm/b/it on input line 27.
LaTeX Font Info:    Overwriting symbol font `symbols' in version `bold'
(Font)                  OMS/cmsy/b/n --> OMS/lmsy/b/n on input line 28.
LaTeX Font Info:    Overwriting symbol font `largesymbols' in version `bold'
(Font)                  OMX/cmex/m/n --> OMX/lmex/m/n on input line 29.
LaTeX Font Info:    Overwriting math alphabet `\mathbf' in version `normal'
(Font)                  OT1/cmr/bx/n --> OT1/lmr/bx/n on input line 31.
LaTeX Font Info:    Overwriting math alphabet `\mathsf' in version `normal'
(Font)                  OT1/cmss/m/n --> OT1/lmss/m/n on input line 32.
LaTeX Font Info:    Overwriting math alphabet `\mathit' in version `normal'
(Font)                  OT1/cmr/m/it --> OT1/lmr/m/it on input line 33.
LaTeX Font Info:    Overwriting math alphabet `\mathtt' in version `normal'
(Font)                  OT1/cmtt/m/n --> OT1/lmtt/m/n on input line 34.
LaTeX Font Info:    Overwriting math alphabet `\mathbf' in version `bold'
(Font)                  OT1/cmr/bx/n --> OT1/lmr/bx/n on input line 35.
LaTeX Font Info:    Overwriting math alphabet `\mathsf' in version `bold'
(Font)                  OT1/cmss/bx/n --> OT1/lmss/bx/n on input line 36.
LaTeX Font Info:    Overwriting math alphabet `\mathit' in version `bold'
(Font)                  OT1/cmr/bx/it --> OT1/lmr/bx/it on input line 37.
LaTeX Font Info:    Overwriting math alphabet `\mathtt' in version `bold'
(Font)                  OT1/cmtt/m/n --> OT1/lmtt/m/n on input line 38.
)
(/usr/share/texmf-dist/tex/latex/base/inputenc.sty
Package: inputenc 2018/08/11 v1.3c Input encoding file
\inpenc@prehook=\toks43
\inpenc@posthook=\toks44


Package inputenc Warning: inputenc package ignored with utf8 based engines.

) (/usr/share/texmf-dist/tex/latex/cancel/cancel.sty
Package: cancel 2013/04/12 v2.2 Cancel math terms
)
(/usr/share/texmf-dist/tex/latex/bigints/bigints.sty
Package: bigints 2010/02/15 Writing big integrals
Package bigints Info: This is Bigints by Merciadri Luca. on input line 5.
)
(/usr/share/texmf-dist/tex/latex/pgf/utilities/pgfpages.sty
Package: pgfpages 2011/01/05 ver 0.02

(/usr/share/texmf-dist/tex/latex/tools/calc.sty
Package: calc 2017/05/25 v4.3 Infix arithmetic (KKT,FJ)
\calc@Acount=\count161
\calc@Bcount=\count162
\calc@Adimen=\dimen188
\calc@Bdimen=\dimen189
\calc@Askip=\skip57
\calc@Bskip=\skip58
LaTeX Info: Redefining \setlength on input line 80.
LaTeX Info: Redefining \addtolength on input line 81.
\calc@Ccount=\count163
\calc@Cskip=\skip59
)
\pgf@logicalpages=\count164
\pgf@firstshipout=\count165
\pgf@lastshipout=\count166
\pgf@currentshipout=\count167
\pgf@cpn=\count168
\pgf@shipoutnextto=\count169
\pgfphysicalheight=\dimen190
\pgfphysicalwidth=\dimen191
\pgfpages@shipoutbox=\box55
)
(/usr/share/texmf-dist/tex/latex/tools/verbatim.sty
Package: verbatim 2014/10/28 v1.5q LaTeX2e package for verbatim enhancements
\every@verbatim=\toks45
\verbatim@line=\toks46
\verbatim@in@stream=\read2
)
(/usr/share/texmf-dist/tex/latex/wasysym/wasysym.sty
Package: wasysym 2003/10/30 v2.0 Wasy-2 symbol support package
\symwasy=\mathgroup6
LaTeX Font Info:    Overwriting symbol font `wasy' in version `bold'
(Font)                  U/wasy/m/n --> U/wasy/b/n on input line 90.
)
(/usr/share/texmf-dist/tex/latex/tools/multicol.sty
Package: multicol 2018/12/27 v1.8v multicolumn formatting (FMi)
\c@tracingmulticols=\count170
\mult@box=\box56
\multicol@leftmargin=\dimen192
\c@unbalance=\count171
\c@collectmore=\count172
\doublecol@number=\count173
\multicoltolerance=\count174
\multicolpretolerance=\count175
\full@width=\dimen193
\page@free=\dimen194
\premulticols=\dimen195
\postmulticols=\dimen196
\multicolsep=\skip60
\multicolbaselineskip=\skip61
\partial@page=\box57
\last@line=\box58
\maxbalancingoverflow=\dimen197
\mult@rightbox=\box59
\mult@grightbox=\box60
\mult@gfirstbox=\box61
\mult@firstbox=\box62
\@tempa=\box63
\@tempa=\box64
\@tempa=\box65
\@tempa=\box66
\@tempa=\box67
\@tempa=\box68
\@tempa=\box69
\@tempa=\box70
\@tempa=\box71
\@tempa=\box72
\@tempa=\box73
\@tempa=\box74
\@tempa=\box75
\@tempa=\box76
\@tempa=\box77
\@tempa=\box78
\@tempa=\box79
\c@columnbadness=\count176
\c@finalcolumnbadness=\count177
\last@try=\dimen198
\multicolovershoot=\dimen199
\multicolundershoot=\dimen256
\mult@nat@firstbox=\box80
\colbreak@box=\box81
\mc@col@check@num=\count178
)
(/usr/share/texmf-dist/tex/latex/booktabs/booktabs.sty
Package: booktabs 2016/04/27 v1.618033 publication quality tables
\heavyrulewidth=\dimen257
\lightrulewidth=\dimen258
\cmidrulewidth=\dimen259
\belowrulesep=\dimen260
\belowbottomsep=\dimen261
\aboverulesep=\dimen262
\abovetopsep=\dimen263
\cmidrulesep=\dimen264
\cmidrulekern=\dimen265
\defaultaddspace=\dimen266
\@cmidla=\count179
\@cmidlb=\count180
\@aboverulesep=\dimen267
\@belowrulesep=\dimen268
\@thisruleclass=\count181
\@lastruleclass=\count182
\@thisrulewidth=\dimen269
)
(/usr/share/texmf-dist/tex/latex/tools/longtable.sty
Package: longtable 2014/10/28 v4.11 Multi-page Table package (DPC)+ FMi change
\LTleft=\skip62
\LTright=\skip63
\LTpre=\skip64
\LTpost=\skip65
\LTchunksize=\count183
\LTcapwidth=\dimen270
\LT@head=\box82
\LT@firsthead=\box83
\LT@foot=\box84
\LT@lastfoot=\box85
\LT@cols=\count184
\LT@rows=\count185
\c@LT@tables=\count186
\c@LT@chunks=\count187
\LT@p@ftn=\toks47
)
(/usr/share/texmf-dist/tex/latex/multirow/multirow.sty
Package: multirow 2019/01/01 v2.4 Span multiple rows of a table
\multirow@colwidth=\skip66
\multirow@cntb=\count188
\multirow@dima=\skip67
\bigstrutjot=\dimen271
)
(/usr/share/texmf-dist/tex/latex/multirow/bigstrut.sty
Package: bigstrut 2019/01/01 v2.4 Provide larger struts in tabulars
)
(/usr/share/texmf-dist/tex/latex/caption/caption.sty
Package: caption 2018/10/06 v3.3-154 Customizing captions (AR)

(/usr/share/texmf-dist/tex/latex/caption/caption3.sty
Package: caption3 2018/09/12 v1.8c caption3 kernel (AR)
Package caption3 Info: TeX engine: e-TeX on input line 64.
\captionmargin=\dimen272
\captionmargin@=\dimen273
\captionwidth=\dimen274
\caption@tempdima=\dimen275
\caption@indent=\dimen276
\caption@parindent=\dimen277
\caption@hangindent=\dimen278
)
\c@caption@flags=\count189
\c@ContinuedFloat=\count190
Package caption Info: beamer document class.
Package caption Info: hyperref package is loaded.
Package caption Info: Hyperref support is turned off
(caption)             because hyperref has stopped early.
Package caption Info: longtable package is loaded.

(/usr/share/texmf-dist/tex/latex/caption/ltcaption.sty
Package: ltcaption 2018/08/26 v1.4-95 longtable captions (AR)
))
(/usr/share/texmf-dist/tex/latex/caption/subcaption.sty
Package: subcaption 2018/05/01 v1.1-162 Sub-captions (AR)
\c@subfigure=\count191
\c@subtable=\count192
)
\pgfpages@box@1=\box86


Package hyperref Warning: Token not allowed in a PDF string (Unicode):
(hyperref)                removing `\footnote' on input line 58.


Package hyperref Warning: Token not allowed in a PDF string (Unicode):
(hyperref)                removing `\footnote' on input line 58.


Package hyperref Warning: Token not allowed in a PDF string (Unicode):
(hyperref)                removing `\footnote' on input line 58.

(./presentation.aux)
\openout1 = `presentation.aux'.

LaTeX Font Info:    Checking defaults for OML/cmm/m/it on input line 64.
LaTeX Font Info:    ... okay on input line 64.
LaTeX Font Info:    Checking defaults for T1/cmr/m/n on input line 64.
LaTeX Font Info:    ... okay on input line 64.
LaTeX Font Info:    Checking defaults for OT1/cmr/m/n on input line 64.
LaTeX Font Info:    ... okay on input line 64.
LaTeX Font Info:    Checking defaults for OMS/cmsy/m/n on input line 64.
LaTeX Font Info:    ... okay on input line 64.
LaTeX Font Info:    Checking defaults for TU/lmr/m/n on input line 64.
LaTeX Font Info:    ... okay on input line 64.
LaTeX Font Info:    Checking defaults for OMX/cmex/m/n on input line 64.
LaTeX Font Info:    ... okay on input line 64.
LaTeX Font Info:    Checking defaults for U/cmr/m/n on input line 64.
LaTeX Font Info:    ... okay on input line 64.
LaTeX Font Info:    Checking defaults for PD1/pdf/m/n on input line 64.
LaTeX Font Info:    ... okay on input line 64.
LaTeX Font Info:    Checking defaults for PU/pdf/m/n on input line 64.
LaTeX Font Info:    ... okay on input line 64.

*geometry* driver: auto-detecting
*geometry* detected driver: xetex
*geometry* verbose mode - [ preamble ] result:
* driver: xetex
* paper: custom
* layout: <same size as paper>
* layoutoffset:(h,v)=(0.0pt,0.0pt)
* modes: includehead includefoot 
* h-part:(L,W,R)=(28.45274pt, 307.28987pt, 28.45274pt)
* v-part:(T,H,B)=(0.0pt, 273.14662pt, 0.0pt)
* \paperwidth=364.19536pt
* \paperheight=273.14662pt
* \textwidth=307.28987pt
* \textheight=244.6939pt
* \oddsidemargin=-43.81725pt
* \evensidemargin=-43.81725pt
* \topmargin=-72.26999pt
* \headheight=14.22636pt
* \headsep=0.0pt
* \topskip=11.0pt
* \footskip=14.22636pt
* \marginparwidth=4.0pt
* \marginparsep=10.0pt
* \columnsep=10.0pt
* \skip\footins=10.0pt plus 4.0pt minus 2.0pt
* \hoffset=0.0pt
* \voffset=0.0pt
* \mag=1000
* \@twocolumnfalse
* \@twosidefalse
* \@mparswitchfalse
* \@reversemarginfalse
* (1in=72.27pt=25.4mm, 1cm=28.453pt)

ABD: EveryShipout initializing macros
\AtBeginShipoutBox=\box87
Package hyperref Info: Link coloring OFF on input line 64.

(/usr/share/texmf-dist/tex/latex/hyperref/nameref.sty
Package: nameref 2016/05/21 v2.44 Cross-referencing by name of section

(/usr/share/texmf-dist/tex/generic/oberdiek/gettitlestring.sty
Package: gettitlestring 2016/05/16 v1.5 Cleanup title references (HO)
)
\c@section@level=\count193
)
LaTeX Info: Redefining \ref on input line 64.
LaTeX Info: Redefining \pageref on input line 64.
LaTeX Info: Redefining \nameref on input line 64.

(./presentation.out) (./presentation.out)
\@outlinefile=\write5
\openout5 = `presentation.out'.


(/usr/share/texmf-dist/tex/latex/translator/translator-basic-dictionary-English
.dict
Dictionary: translator-basic-dictionary, Language: English 
)
(/usr/share/texmf-dist/tex/latex/translator/translator-bibliography-dictionary-
English.dict
Dictionary: translator-bibliography-dictionary, Language: English 
)
(/usr/share/texmf-dist/tex/latex/translator/translator-environment-dictionary-E
nglish.dict
Dictionary: translator-environment-dictionary, Language: English 
)
(/usr/share/texmf-dist/tex/latex/translator/translator-months-dictionary-Englis
h.dict
Dictionary: translator-months-dictionary, Language: English 
)
(/usr/share/texmf-dist/tex/latex/translator/translator-numbers-dictionary-Engli
sh.dict
Dictionary: translator-numbers-dictionary, Language: English 
)
(/usr/share/texmf-dist/tex/latex/translator/translator-theorem-dictionary-Engli
sh.dict
Dictionary: translator-theorem-dictionary, Language: English 
)
Package caption Info: Begin \AtBeginDocument code.
Package caption Info: End \AtBeginDocument code.
 (./presentation.nav)
LaTeX Font Info:    Try loading font information for OT1+lmr on input line 68.
 (/usr/share/texmf-dist/tex/latex/lm/ot1lmr.fd
File: ot1lmr.fd 2009/10/30 v1.6 Font defs for Latin Modern
)
LaTeX Font Info:    Try loading font information for OML+lmm on input line 68.

(/usr/share/texmf-dist/tex/latex/lm/omllmm.fd
File: omllmm.fd 2009/10/30 v1.6 Font defs for Latin Modern
)
LaTeX Font Info:    Try loading font information for OMS+lmsy on input line 68.


(/usr/share/texmf-dist/tex/latex/lm/omslmsy.fd
File: omslmsy.fd 2009/10/30 v1.6 Font defs for Latin Modern
)
LaTeX Font Info:    Try loading font information for OMX+lmex on input line 68.


(/usr/share/texmf-dist/tex/latex/lm/omxlmex.fd
File: omxlmex.fd 2009/10/30 v1.6 Font defs for Latin Modern
)
LaTeX Font Info:    External font `lmex10' loaded for size
(Font)              <14.4> on input line 68.
LaTeX Font Info:    External font `lmex10' loaded for size
(Font)              <10> on input line 68.
LaTeX Font Info:    External font `lmex10' loaded for size
(Font)              <7> on input line 68.
LaTeX Font Info:    Try loading font information for U+msa on input line 68.

(/usr/share/texmf-dist/tex/latex/amsfonts/umsa.fd
File: umsa.fd 2013/01/14 v3.01 AMS symbols A
)
LaTeX Font Info:    Try loading font information for U+msb on input line 68.

(/usr/share/texmf-dist/tex/latex/amsfonts/umsb.fd
File: umsb.fd 2013/01/14 v3.01 AMS symbols B
)
LaTeX Font Info:    Try loading font information for U+wasy on input line 68.

(/usr/share/texmf-dist/tex/latex/wasysym/uwasy.fd
File: uwasy.fd 2003/10/30 v2.0 Wasy-2 symbol font definitions
)
LaTeX Font Info:    External font `lmex10' loaded for size
(Font)              <10.95> on input line 68.
LaTeX Font Info:    External font `lmex10' loaded for size
(Font)              <8> on input line 68.
LaTeX Font Info:    External font `lmex10' loaded for size
(Font)              <6> on input line 68.
LaTeX Font Info:    External font `lmex10' loaded for size
(Font)              <9> on input line 68.
LaTeX Font Info:    External font `lmex10' loaded for size
(Font)              <5> on input line 68.
File: furg.png Graphic file (type bmp)
<furg.png>
File: imef.jpg Graphic file (type bmp)
<imef.jpg>
 (./presentation.toc)
File: furg.png Graphic file (type bmp)
<furg.png>
File: imef.jpg Graphic file (type bmp)
<imef.jpg>

[2

]
File: furg.png Graphic file (type bmp)
<furg.png>
File: imef.jpg Graphic file (type bmp)
<imef.jpg>
 [3

]
\openout4 = `presentation.vrb'.

 (./presentation.vrb)
File: furg.png Graphic file (type bmp)
<furg.png>
File: imef.jpg Graphic file (type bmp)
<imef.jpg>
 [4

]
File: furg.png Graphic file (type bmp)
<furg.png>
File: imef.jpg Graphic file (type bmp)
<imef.jpg>
 [5

]
File: furg.png Graphic file (type bmp)
<furg.png>
File: imef.jpg Graphic file (type bmp)
<imef.jpg>
 [6

]
\openout4 = `presentation.vrb'.

 (./presentation.vrb)
File: furg.png Graphic file (type bmp)
<furg.png>
File: imef.jpg Graphic file (type bmp)
<imef.jpg>
 [7

]
\openout4 = `presentation.vrb'.


(./presentation.vrb)
File: furg.png Graphic file (type bmp)
<furg.png>
File: imef.jpg Graphic file (type bmp)
<imef.jpg>
 [8

]
\openout4 = `presentation.vrb'.

 (./presentation.vrb)
File: furg.png Graphic file (type bmp)
<furg.png>
File: imef.jpg Graphic file (type bmp)
<imef.jpg>
 [9

]
\openout4 = `presentation.vrb'.

 (./presentation.vrb)
File: furg.png Graphic file (type bmp)
<furg.png>
File: imef.jpg Graphic file (type bmp)
<imef.jpg>
 [10

]
File: furg.png Graphic file (type bmp)
<furg.png>
File: imef.jpg Graphic file (type bmp)
<imef.jpg>

[11

]
File: furg.png Graphic file (type bmp)
<furg.png>
File: imef.jpg Graphic file (type bmp)
<imef.jpg>
 [12

]
\openout4 = `presentation.vrb'.

 (./presentation.vrb)
File: furg.png Graphic file (type bmp)
<furg.png>
File: imef.jpg Graphic file (type bmp)
<imef.jpg>
 [13

]
\openout4 = `presentation.vrb'.

 (./presentation.vrb)
File: furg.png Graphic file (type bmp)
<furg.png>
File: imef.jpg Graphic file (type bmp)
<imef.jpg>
 [14

]
\openout4 = `presentation.vrb'.


(./presentation.vrb
File: exemplo_titulo.png Graphic file (type bmp)
<exemplo_titulo.png>
)
File: furg.png Graphic file (type bmp)
<furg.png>
File: imef.jpg Graphic file (type bmp)
<imef.jpg>
 [15

]
File: exerc_titulos.png Graphic file (type bmp)
<exerc_titulos.png>
File: furg.png Graphic file (type bmp)
<furg.png>
File: imef.jpg Graphic file (type bmp)
<imef.jpg>
 [16

]
\openout4 = `presentation.vrb'.

 (./presentation.vrb)
File: furg.png Graphic file (type bmp)
<furg.png>
File: imef.jpg Graphic file (type bmp)
<imef.jpg>
 [17

]
\openout4 = `presentation.vrb'.

 (./presentation.vrb)
File: furg.png Graphic file (type bmp)
<furg.png>
File: imef.jpg Graphic file (type bmp)
<imef.jpg>

[18

]
\openout4 = `presentation.vrb'.

 (./presentation.vrb)
File: furg.png Graphic file (type bmp)
<furg.png>
File: imef.jpg Graphic file (type bmp)
<imef.jpg>
 [19

]
\openout4 = `presentation.vrb'.

 (./presentation.vrb)
File: furg.png Graphic file (type bmp)
<furg.png>
File: imef.jpg Graphic file (type bmp)
<imef.jpg>
 [20

]
File: furg.png Graphic file (type bmp)
<furg.png>
File: imef.jpg Graphic file (type bmp)
<imef.jpg>
 [21

]
File: exerc_modificadores.png Graphic file (type bmp)
<exerc_modificadores.png>
File: furg.png Graphic file (type bmp)
<furg.png>
File: imef.jpg Graphic file (type bmp)
<imef.jpg>
 [22

]
\openout4 = `presentation.vrb'.


(./presentation.vrb
Overfull \hbox (26.13756pt too wide) in paragraph at lines 5--5
[]\TU/lmtt/m/n/10.95 Exemplo de texto em \textbf{negrito} e em \textit{itálico}
[] 
 []

)
File: furg.png Graphic file (type bmp)
<furg.png>
File: imef.jpg Graphic file (type bmp)
<imef.jpg>
 [23

]
\openout4 = `presentation.vrb'.

 (./presentation.vrb)
File: furg.png Graphic file (type bmp)
<furg.png>
File: imef.jpg Graphic file (type bmp)
<imef.jpg>
 [24

]
\openout4 = `presentation.vrb'.

 (./presentation.vrb)
File: furg.png Graphic file (type bmp)
<furg.png>
File: imef.jpg Graphic file (type bmp)
<imef.jpg>
 [25

]
\openout4 = `presentation.vrb'.

 (./presentation.vrb)
File: furg.png Graphic file (type bmp)
<furg.png>
File: imef.jpg Graphic file (type bmp)
<imef.jpg>
[26

]
File: furg.png Graphic file (type bmp)
<furg.png>
File: imef.jpg Graphic file (type bmp)
<imef.jpg>
 [27

]
File: furg.png Graphic file (type bmp)
<furg.png>
File: imef.jpg Graphic file (type bmp)
<imef.jpg>
 [28

]
\openout4 = `presentation.vrb'.

 (./presentation.vrb)
File: furg.png Graphic file (type bmp)
<furg.png>
File: imef.jpg Graphic file (type bmp)
<imef.jpg>
 [29

]
\openout4 = `presentation.vrb'.

 (./presentation.vrb)
File: furg.png Graphic file (type bmp)
<furg.png>
File: imef.jpg Graphic file (type bmp)
<imef.jpg>
 [30

]
\openout4 = `presentation.vrb'.


(./presentation.vrb)
File: furg.png Graphic file (type bmp)
<furg.png>
File: imef.jpg Graphic file (type bmp)
<imef.jpg>
 [31

]
\openout4 = `presentation.vrb'.

 (./presentation.vrb)
File: furg.png Graphic file (type bmp)
<furg.png>
File: imef.jpg Graphic file (type bmp)
<imef.jpg>
 [32

]
\openout4 = `presentation.vrb'.

 (./presentation.vrb
File: enumerate_simples.png Graphic file (type bmp)
<enumerate_simples.png>
)
File: furg.png Graphic file (type bmp)
<furg.png>
File: imef.jpg Graphic file (type bmp)
<imef.jpg>

[33

]
\openout4 = `presentation.vrb'.

 (./presentation.vrb
File: enumerate_sublista.png Graphic file (type bmp)
<enumerate_sublista.png>
)
File: furg.png Graphic file (type bmp)
<furg.png>
File: imef.jpg Graphic file (type bmp)
<imef.jpg>
 [34

]
\openout4 = `presentation.vrb'.

 (./presentation.vrb)
File: furg.png Graphic file (type bmp)
<furg.png>
File: imef.jpg Graphic file (type bmp)
<imef.jpg>
 [35

]
\openout4 = `presentation.vrb'.

 (./presentation.vrb
File: exercicio_lista.png Graphic file (type bmp)
<exercicio_lista.png>
)
File: furg.png Graphic file (type bmp)
<furg.png>
File: imef.jpg Graphic file (type bmp)
<imef.jpg>

[36

]
\openout4 = `presentation.vrb'.

 (./presentation.vrb)
File: furg.png Graphic file (type bmp)
<furg.png>
File: imef.jpg Graphic file (type bmp)
<imef.jpg>
 [37

]
\openout4 = `presentation.vrb'.

 (./presentation.vrb)
File: furg.png Graphic file (type bmp)
<furg.png>
File: imef.jpg Graphic file (type bmp)
<imef.jpg>
 [38

]
File: furg.png Graphic file (type bmp)
<furg.png>
File: imef.jpg Graphic file (type bmp)
<imef.jpg>
 [39

]
\openout4 = `presentation.vrb'.


(./presentation.vrb)
File: furg.png Graphic file (type bmp)
<furg.png>
File: imef.jpg Graphic file (type bmp)
<imef.jpg>
 [40

]
\openout4 = `presentation.vrb'.

 (./presentation.vrb)
File: furg.png Graphic file (type bmp)
<furg.png>
File: imef.jpg Graphic file (type bmp)
<imef.jpg>
 [41

]
\openout4 = `presentation.vrb'.

 (./presentation.vrb
File: letras_gregas.png Graphic file (type bmp)
<letras_gregas.png>
)
File: furg.png Graphic file (type bmp)
<furg.png>
File: imef.jpg Graphic file (type bmp)
<imef.jpg>

[42

]
File: fontes.png Graphic file (type bmp)
<fontes.png>
File: furg.png Graphic file (type bmp)
<furg.png>
File: imef.jpg Graphic file (type bmp)
<imef.jpg>
 [43

]
\openout4 = `presentation.vrb'.

 (./presentation.vrb)
File: furg.png Graphic file (type bmp)
<furg.png>
File: imef.jpg Graphic file (type bmp)
<imef.jpg>
 [44

]
\openout4 = `presentation.vrb'.

 (./presentation.vrb)
File: furg.png Graphic file (type bmp)
<furg.png>
File: imef.jpg Graphic file (type bmp)
<imef.jpg>
 [45

]
\openout4 = `presentation.vrb'.


(./presentation.vrb)
File: furg.png Graphic file (type bmp)
<furg.png>
File: imef.jpg Graphic file (type bmp)
<imef.jpg>
 [46

]
\openout4 = `presentation.vrb'.

 (./presentation.vrb)
File: furg.png Graphic file (type bmp)
<furg.png>
File: imef.jpg Graphic file (type bmp)
<imef.jpg>
 [47

]
\openout4 = `presentation.vrb'.

 (./presentation.vrb
File: exemplo_tabela.png Graphic file (type bmp)
<exemplo_tabela.png>
)
Overfull \hbox (5.88255pt too wide) in paragraph at lines 3--807
[][]  
 []

File: furg.png Graphic file (type bmp)
<furg.png>
File: imef.jpg Graphic file (type bmp)
<imef.jpg>
[48

]
File: furg.png Graphic file (type bmp)
<furg.png>
File: imef.jpg Graphic file (type bmp)
<imef.jpg>
 [49

]
File: furg.png Graphic file (type bmp)
<furg.png>
File: imef.jpg Graphic file (type bmp)
<imef.jpg>
 [50

]
\openout4 = `presentation.vrb'.

 (./presentation.vrb)
File: furg.png Graphic file (type bmp)
<furg.png>
File: imef.jpg Graphic file (type bmp)
<imef.jpg>
 [51

]
\openout4 = `presentation.vrb'.

 (./presentation.vrb)
File: furg.png Graphic file (type bmp)
<furg.png>
File: imef.jpg Graphic file (type bmp)
<imef.jpg>
 [52

]
File: exemplo_de_figura.png Graphic file (type bmp)
<exemplo_de_figura.png>
File: furg.png Graphic file (type bmp)
<furg.png>
File: imef.jpg Graphic file (type bmp)
<imef.jpg>
 [53

]
\openout4 = `presentation.vrb'.


(./presentation.vrb)
File: furg.png Graphic file (type bmp)
<furg.png>
File: imef.jpg Graphic file (type bmp)
<imef.jpg>
 [54

]
\openout4 = `presentation.vrb'.

 (./presentation.vrb
File: furg.png Graphic file (type bmp)
<furg.png>
File: imef.jpg Graphic file (type bmp)
<imef.jpg>
)
File: furg.png Graphic file (type bmp)
<furg.png>
File: imef.jpg Graphic file (type bmp)
<imef.jpg>
 [55

]
\openout4 = `presentation.vrb'.

 (./presentation.vrb
Overfull \hbox (20.52307pt too wide) in paragraph at lines 7--7
[][] []\TU/lmtt/m/n/8 \includegraphics[scale=0.1]{furg.png} \\  
 []


Overfull \hbox (7.77907pt too wide) in paragraph at lines 8--8
[][] []\TU/lmtt/m/n/8 \includegraphics[scale=0.1]{imef.jpg}  
 []

File: furg.png Graphic file (type bmp)
<furg.png>
File: imef.jpg Graphic file (type bmp)
<imef.jpg>
)
File: furg.png Graphic file (type bmp)
<furg.png>
File: imef.jpg Graphic file (type bmp)
<imef.jpg>
 [56

]
\openout4 = `presentation.vrb'.

 (./presentation.vrb
File: furg.png Graphic file (type bmp)
<furg.png>
File: imef.jpg Graphic file (type bmp)
<imef.jpg>
)
File: furg.png Graphic file (type bmp)
<furg.png>
File: imef.jpg Graphic file (type bmp)
<imef.jpg>
 [57

]
\openout4 = `presentation.vrb'.

 (./presentation.vrb)
File: furg.png Graphic file (type bmp)
<furg.png>
File: imef.jpg Graphic file (type bmp)
<imef.jpg>
 [58

]
\openout4 = `presentation.vrb'.

 (./presentation.vrb)
File: furg.png Graphic file (type bmp)
<furg.png>
File: imef.jpg Graphic file (type bmp)
<imef.jpg>
[59

]
File: furg.png Graphic file (type bmp)
<furg.png>
File: furg.png Graphic file (type bmp)
<furg.png>
File: imef.jpg Graphic file (type bmp)
<imef.jpg>
 [60

]
\openout4 = `presentation.vrb'.

 (./presentation.vrb
Overfull \hbox (18.21013pt too wide) in paragraph at lines 4--4
[][][]\TU/lmtt/m/n/10 \nabla \cdot \vec{E} = \frac{Q}{\varepsilon_0} \label{max
well}  
 []

)
File: furg.png Graphic file (type bmp)
<furg.png>
File: imef.jpg Graphic file (type bmp)
<imef.jpg>
 [61

]
File: furg.png Graphic file (type bmp)
<furg.png>
File: imef.jpg Graphic file (type bmp)
<imef.jpg>
 [62

]

Package hyperref Warning: Token not allowed in a PDF string (Unicode):
(hyperref)                removing `math shift' on input line 1088.


Package hyperref Warning: Token not allowed in a PDF string (Unicode):
(hyperref)                removing `math shift' on input line 1088.

\openout4 = `presentation.vrb'.

(./presentation.vrb)
File: furg.png Graphic file (type bmp)
<furg.png>
File: imef.jpg Graphic file (type bmp)
<imef.jpg>
 [63

]
\openout4 = `presentation.vrb'.

 (./presentation.vrb)
File: furg.png Graphic file (type bmp)
<furg.png>
File: imef.jpg Graphic file (type bmp)
<imef.jpg>
 [64

]
\openout4 = `presentation.vrb'.

 (./presentation.vrb
Overfull \hbox (19.29381pt too wide) in paragraph at lines 7--9
[][]\TU/lmtt/m/n/10.95 {\fontsize{10pt}{10.0}\selectfont todo o frame aqui } 
 []

)
File: furg.png Graphic file (type bmp)
<furg.png>
File: imef.jpg Graphic file (type bmp)
<imef.jpg>
 [65

]
\openout4 = `presentation.vrb'.

 (./presentation.vrb)
File: furg.png Graphic file (type bmp)
<furg.png>
File: imef.jpg Graphic file (type bmp)
<imef.jpg>
 [66

]
\openout4 = `presentation.vrb'.

 (./presentation.vrb
Overfull \hbox (7.20367pt too wide) in paragraph at lines 11--11
[]\TU/lmtt/m/n/10.95 \begin{column}[t]{tamanho}[] 
 []


Overfull \hbox (7.20367pt too wide) in paragraph at lines 22--22
[]\TU/lmtt/m/n/10.95 \begin{column}[t]{tamanho} 
 []

)
File: furg.png Graphic file (type bmp)
<furg.png>
File: imef.jpg Graphic file (type bmp)
<imef.jpg>
 [67

]
\openout4 = `presentation.vrb'.

 (./presentation.vrb
Overfull \hbox (49.13255pt too wide) in paragraph at lines 13--13
[] \TU/lmtt/m/n/10.95 \item o comando \verb|pause| nos permite pausar os tópico
s de[] 
 []

)
File: furg.png Graphic file (type bmp)
<furg.png>
File: imef.jpg Graphic file (type bmp)
<imef.jpg>
 [68

] (./presentation.vrb
Overfull \hbox (49.13255pt too wide) in paragraph at lines 13--13
[] \TU/lmtt/m/n/10.95 \item o comando \verb|pause| nos permite pausar os tópico
s de[] 
 []

)
File: furg.png Graphic file (type bmp)
<furg.png>
File: imef.jpg Graphic file (type bmp)
<imef.jpg>
 [69

] (./presentation.vrb
Overfull \hbox (49.13255pt too wide) in paragraph at lines 13--13
[] \TU/lmtt/m/n/10.95 \item o comando \verb|pause| nos permite pausar os tópico
s de[] 
 []

)
File: furg.png Graphic file (type bmp)
<furg.png>
File: imef.jpg Graphic file (type bmp)
<imef.jpg>
 [70

] (./presentation.vrb
Overfull \hbox (49.13255pt too wide) in paragraph at lines 13--13
[] \TU/lmtt/m/n/10.95 \item o comando \verb|pause| nos permite pausar os tópico
s de[] 
 []

)
File: furg.png Graphic file (type bmp)
<furg.png>
File: imef.jpg Graphic file (type bmp)
<imef.jpg>
 [71

]
\openout4 = `presentation.vrb'.

 (./presentation.vrb
Overfull \hbox (49.13255pt too wide) in paragraph at lines 10--10
[] \TU/lmtt/m/n/10.95 \item o comando \verb|pause| nos permite pausar os tópico
s de[] 
 []

)
File: furg.png Graphic file (type bmp)
<furg.png>
File: imef.jpg Graphic file (type bmp)
<imef.jpg>
 [72

]
\openout4 = `presentation.vrb'.

 (./presentation.vrb
File: NGC_5371.jpg Graphic file (type bmp)
<NGC_5371.jpg>

Overfull \hbox (1.74593pt too wide) in paragraph at lines 19--21
[][]\TU/lmtt/m/n/10.95 \setbeamercovered{transparent} 
 []

)
File: furg.png Graphic file (type bmp)
<furg.png>
File: imef.jpg Graphic file (type bmp)
<imef.jpg>
 [73

] (./presentation.vrb
File: NGC_5371.jpg Graphic file (type bmp)
<NGC_5371.jpg>

Overfull \hbox (1.74593pt too wide) in paragraph at lines 19--21
[][]\TU/lmtt/m/n/10.95 \setbeamercovered{transparent} 
 []

)
File: furg.png Graphic file (type bmp)
<furg.png>
File: imef.jpg Graphic file (type bmp)
<imef.jpg>
 [74

] (./presentation.vrb
File: NGC_5371.jpg Graphic file (type bmp)
<NGC_5371.jpg>

Overfull \hbox (1.74593pt too wide) in paragraph at lines 19--21
[][]\TU/lmtt/m/n/10.95 \setbeamercovered{transparent} 
 []

)
File: furg.png Graphic file (type bmp)
<furg.png>
File: imef.jpg Graphic file (type bmp)
<imef.jpg>
 [75

] (./presentation.vrb
File: NGC_5371.jpg Graphic file (type bmp)
<NGC_5371.jpg>

Overfull \hbox (1.74593pt too wide) in paragraph at lines 19--21
[][]\TU/lmtt/m/n/10.95 \setbeamercovered{transparent} 
 []

)
File: furg.png Graphic file (type bmp)
<furg.png>
File: imef.jpg Graphic file (type bmp)
<imef.jpg>
 [76

]
\openout4 = `presentation.vrb'.

 (./presentation.vrb)
File: furg.png Graphic file (type bmp)
<furg.png>
File: imef.jpg Graphic file (type bmp)
<imef.jpg>
 [77

]
File: beamer_sze_seau.jpg Graphic file (type bmp)
<beamer_sze_seau.jpg>
File: beamer_marb_alb.jpg Graphic file (type bmp)
<beamer_marb_alb.jpg>
File: beamer_cambr_crane.jpg Graphic file (type bmp)
<beamer_cambr_crane.jpg>
File: beamer_beav_war.jpg Graphic file (type bmp)
<beamer_beav_war.jpg>

Overfull \vbox (0.19904pt too high) detected at line 1319
 []

File: furg.png Graphic file (type bmp)
<furg.png>
File: imef.jpg Graphic file (type bmp)
<imef.jpg>
[78

]
\openout4 = `presentation.vrb'.

 (./presentation.vrb)
File: furg.png Graphic file (type bmp)
<furg.png>
File: imef.jpg Graphic file (type bmp)
<imef.jpg>
 [79

]
\openout4 = `presentation.vrb'.

 (./presentation.vrb
Overfull \hbox (13.54506pt too wide) in paragraph at lines 8--9
[][][]\TU/lmtt/m/n/10.95 \usepackage[a4paper,total={15.0cm,20.0cm}]{geometry}  

 []

)
File: furg.png Graphic file (type bmp)
<furg.png>
File: imef.jpg Graphic file (type bmp)
<imef.jpg>
 [80

]
\openout4 = `presentation.vrb'.

 (./presentation.vrb)
File: furg.png Graphic file (type bmp)
<furg.png>
File: imef.jpg Graphic file (type bmp)
<imef.jpg>
 [81

]
\openout4 = `presentation.vrb'.

 (./presentation.vrb
Overfull \hbox (9.44377pt too wide) in paragraph at lines 14--15
[][]\TU/lmtt/m/n/10.95 \newcommand{cmd}[args]{def}[]\TU/lmr/m/n/10.95 ;  
 []

)
File: furg.png Graphic file (type bmp)
<furg.png>
File: imef.jpg Graphic file (type bmp)
<imef.jpg>
 [82

]
\openout4 = `presentation.vrb'.

 (./presentation.vrb)
File: furg.png Graphic file (type bmp)
<furg.png>
File: imef.jpg Graphic file (type bmp)
<imef.jpg>
 [83

]
\openout4 = `presentation.vrb'.

 (./presentation.vrb)
File: furg.png Graphic file (type bmp)
<furg.png>
File: imef.jpg Graphic file (type bmp)
<imef.jpg>
 [84

]
\openout4 = `presentation.vrb'.

 (./presentation.vrb)
File: furg.png Graphic file (type bmp)
<furg.png>
File: imef.jpg Graphic file (type bmp)
<imef.jpg>
[85

]
\openout4 = `presentation.vrb'.

 (./presentation.vrb)
File: furg.png Graphic file (type bmp)
<furg.png>
File: imef.jpg Graphic file (type bmp)
<imef.jpg>
 [86

]
\openout4 = `presentation.vrb'.

 (./presentation.vrb)
File: furg.png Graphic file (type bmp)
<furg.png>
File: imef.jpg Graphic file (type bmp)
<imef.jpg>
 [87

]
\openout4 = `presentation.vrb'.

 (./presentation.vrb)
File: furg.png Graphic file (type bmp)
<furg.png>
File: imef.jpg Graphic file (type bmp)
<imef.jpg>

[88

]
\openout4 = `presentation.vrb'.

 (./presentation.vrb
File: tese_model.jpg Graphic file (type bmp)
<tese_model.jpg>
)
File: furg.png Graphic file (type bmp)
<furg.png>
File: imef.jpg Graphic file (type bmp)
<imef.jpg>
 [89

]
File: furg.png Graphic file (type bmp)
<furg.png>
File: imef.jpg Graphic file (type bmp)
<imef.jpg>
 [90

]
File: furg.png Graphic file (type bmp)
<furg.png>
File: imef.jpg Graphic file (type bmp)
<imef.jpg>
 [91

]
\tf@nav=\write6
\openout6 = `presentation.nav'.

\tf@toc=\write7
\openout7 = `presentation.toc'.

\tf@snm=\write8
\openout8 = `presentation.snm'.

 [92

]
Package atveryend Info: Empty hook `BeforeClearDocument' on input line 1617.
Package atveryend Info: Empty hook `AfterLastShipout' on input line 1617.
 (./presentation.aux)
Package atveryend Info: Empty hook `AtVeryEndDocument' on input line 1617.
Package atveryend Info: Executing hook `AtEndAfterFileList' on input line 1617.

Package rerunfilecheck Info: File `presentation.out' has not changed.
(rerunfilecheck)             Checksum: 3454154861119561035CBB02F8945C6B.
 ) 
Here is how much of TeX's memory you used:
 23665 strings out of 492922
 424431 string characters out of 6138851
 712776 words of memory out of 5000000
 27015 multiletter control sequences out of 15000+600000
 38219 words of font info for 88 fonts, out of 8000000 for 9000
 1348 hyphenation exceptions out of 8191
 56i,20n,72p,798b,996s stack positions out of 5000i,500n,10000p,200000b,80000s

Output written on presentation.pdf (91 pages).
